17:1 ****ERROR**** Function call with wrong # of args
18:1 ****ERROR**** Function call with wrong # of args
19:1 ****ERROR**** Function call with wrong # of args
21:4 ****ERROR**** Actual type and formal type do not match
22:4 ****ERROR**** Actual type and formal type do not match
22:6 ****ERROR**** Actual type and formal type do not match
23:4 ****ERROR**** Actual type and formal type do not match
23:6 ****ERROR**** Actual type and formal type do not match
24:4 ****ERROR**** Actual type and formal type do not match
24:6 ****ERROR**** Actual type and formal type do not match
0:0 ****ERROR**** Return value missing
0:0 ****ERROR**** Return value missing
32:19 ****ERROR**** Return with value in void function
33:19 ****ERROR**** Return with value in void function
35:21 ****ERROR**** Arithmetic operator with non-numeric operand
35:18 ****ERROR**** Return with value in void function
36:22 ****ERROR**** Logical operator with non-bool operand
36:18 ****ERROR**** Return with value in void function
37:19 ****ERROR**** Call attempt on non-function
37:19 ****ERROR**** Return with value in void function
40:9 ****ERROR**** Arithmetic operator with non-numeric operand
41:9 ****ERROR**** Arithmetic operator with non-numeric operand
42:9 ****ERROR**** Arithmetic operator with non-numeric operand
43:9 ****ERROR**** Arithmetic operator with non-numeric operand
44:7 ****ERROR**** Arithmetic operator with non-numeric operand
45:7 ****ERROR**** Arithmetic operator with non-numeric operand
46:7 ****ERROR**** Arithmetic operator with non-numeric operand
47:7 ****ERROR**** Arithmetic operator with non-numeric operand
49:5 ****ERROR**** Arithmetic operator with non-numeric operand
50:5 ****ERROR**** Arithmetic operator with non-numeric operand
52:9 ****ERROR**** Arithmetic operator with non-numeric operand
53:9 ****ERROR**** Arithmetic operator with non-numeric operand
54:9 ****ERROR**** Arithmetic operator with non-numeric operand
55:9 ****ERROR**** Arithmetic operator with non-numeric operand
56:7 ****ERROR**** Arithmetic operator with non-numeric operand
57:7 ****ERROR**** Arithmetic operator with non-numeric operand
58:7 ****ERROR**** Arithmetic operator with non-numeric operand
59:7 ****ERROR**** Arithmetic operator with non-numeric operand
61:5 ****ERROR**** Arithmetic operator with non-numeric operand
62:5 ****ERROR**** Arithmetic operator with non-numeric operand
64:9 ****ERROR**** Arithmetic operator with non-numeric operand
65:9 ****ERROR**** Arithmetic operator with non-numeric operand
66:9 ****ERROR**** Arithmetic operator with non-numeric operand
67:9 ****ERROR**** Arithmetic operator with non-numeric operand
68:7 ****ERROR**** Arithmetic operator with non-numeric operand
69:7 ****ERROR**** Arithmetic operator with non-numeric operand
70:7 ****ERROR**** Arithmetic operator with non-numeric operand
71:7 ****ERROR**** Arithmetic operator with non-numeric operand
73:5 ****ERROR**** Arithmetic operator with non-numeric operand
74:5 ****ERROR**** Arithmetic operator with non-numeric operand
76:9 ****ERROR**** Arithmetic operator with non-numeric operand
77:9 ****ERROR**** Arithmetic operator with non-numeric operand
78:9 ****ERROR**** Arithmetic operator with non-numeric operand
79:9 ****ERROR**** Arithmetic operator with non-numeric operand
80:7 ****ERROR**** Arithmetic operator with non-numeric operand
81:7 ****ERROR**** Arithmetic operator with non-numeric operand
82:7 ****ERROR**** Arithmetic operator with non-numeric operand
83:7 ****ERROR**** Arithmetic operator with non-numeric operand
85:5 ****ERROR**** Arithmetic operator with non-numeric operand
86:5 ****ERROR**** Arithmetic operator with non-numeric operand
90:8 ****ERROR**** Logical operator with non-bool operand
91:8 ****ERROR**** Logical operator with non-bool operand
92:8 ****ERROR**** Logical operator with non-bool operand
93:8 ****ERROR**** Logical operator with non-bool operand
95:9 ****ERROR**** Relational operator with non-numeric operand
96:11 ****ERROR**** Relational operator with non-numeric operand
97:9 ****ERROR**** Relational operator with non-numeric operand
98:11 ****ERROR**** Relational operator with non-numeric operand
99:9 ****ERROR**** Relational operator with non-numeric operand
100:12 ****ERROR**** Relational operator with non-numeric operand
101:9 ****ERROR**** Relational operator with non-numeric operand
102:12 ****ERROR**** Relational operator with non-numeric operand
104:9 ****ERROR**** Relational operator with non-numeric operand
104:11 ****ERROR**** Relational operator with non-numeric operand
105:9 ****ERROR**** Relational operator with non-numeric operand
105:11 ****ERROR**** Relational operator with non-numeric operand
106:9 ****ERROR**** Relational operator with non-numeric operand
106:11 ****ERROR**** Relational operator with non-numeric operand
107:9 ****ERROR**** Relational operator with non-numeric operand
107:11 ****ERROR**** Relational operator with non-numeric operand
108:9 ****ERROR**** Relational operator with non-numeric operand
108:12 ****ERROR**** Relational operator with non-numeric operand
109:9 ****ERROR**** Relational operator with non-numeric operand
109:12 ****ERROR**** Relational operator with non-numeric operand
110:9 ****ERROR**** Relational operator with non-numeric operand
110:12 ****ERROR**** Relational operator with non-numeric operand
111:9 ****ERROR**** Relational operator with non-numeric operand
111:12 ****ERROR**** Relational operator with non-numeric operand
113:9 ****ERROR**** Relational operator with non-numeric operand
113:11 ****ERROR**** Relational operator with non-numeric operand
114:9 ****ERROR**** Relational operator with non-numeric operand
114:11 ****ERROR**** Relational operator with non-numeric operand
115:9 ****ERROR**** Relational operator with non-numeric operand
115:11 ****ERROR**** Relational operator with non-numeric operand
116:9 ****ERROR**** Relational operator with non-numeric operand
116:11 ****ERROR**** Relational operator with non-numeric operand
117:9 ****ERROR**** Relational operator with non-numeric operand
117:12 ****ERROR**** Relational operator with non-numeric operand
118:9 ****ERROR**** Relational operator with non-numeric operand
118:12 ****ERROR**** Relational operator with non-numeric operand
119:9 ****ERROR**** Relational operator with non-numeric operand
119:12 ****ERROR**** Relational operator with non-numeric operand
120:9 ****ERROR**** Relational operator with non-numeric operand
120:12 ****ERROR**** Relational operator with non-numeric operand
122:9 ****ERROR**** Relational operator with non-numeric operand
122:11 ****ERROR**** Relational operator with non-numeric operand
123:9 ****ERROR**** Relational operator with non-numeric operand
123:11 ****ERROR**** Relational operator with non-numeric operand
124:9 ****ERROR**** Relational operator with non-numeric operand
124:11 ****ERROR**** Relational operator with non-numeric operand
125:9 ****ERROR**** Relational operator with non-numeric operand
125:11 ****ERROR**** Relational operator with non-numeric operand
126:9 ****ERROR**** Relational operator with non-numeric operand
126:12 ****ERROR**** Relational operator with non-numeric operand
127:9 ****ERROR**** Relational operator with non-numeric operand
127:12 ****ERROR**** Relational operator with non-numeric operand
128:9 ****ERROR**** Relational operator with non-numeric operand
128:12 ****ERROR**** Relational operator with non-numeric operand
129:9 ****ERROR**** Relational operator with non-numeric operand
129:12 ****ERROR**** Relational operator with non-numeric operand
131:7 ****ERROR**** Logical operator with non-bool operand
132:7 ****ERROR**** Logical operator with non-bool operand
133:10 ****ERROR**** Logical operator with non-bool operand
134:10 ****ERROR**** Logical operator with non-bool operand
136:7 ****ERROR**** Logical operator with non-bool operand
137:7 ****ERROR**** Logical operator with non-bool operand
138:10 ****ERROR**** Logical operator with non-bool operand
139:10 ****ERROR**** Logical operator with non-bool operand
141:7 ****ERROR**** Logical operator with non-bool operand
142:7 ****ERROR**** Logical operator with non-bool operand
143:10 ****ERROR**** Logical operator with non-bool operand
144:10 ****ERROR**** Logical operator with non-bool operand
146:7 ****ERROR**** Logical operator with non-bool operand
147:7 ****ERROR**** Logical operator with non-bool operand
148:10 ****ERROR**** Logical operator with non-bool operand
149:10 ****ERROR**** Logical operator with non-bool operand
156:5 ****ERROR**** Type mismatch
157:5 ****ERROR**** Type mismatch
159:9 ****ERROR**** Type mismatch
160:9 ****ERROR**** Type mismatch
161:11 ****ERROR**** Type mismatch
165:2 ****ERROR**** Type mismatch
166:5 ****ERROR**** Type mismatch
168:9 ****ERROR**** Type mismatch
169:9 ****ERROR**** Type mismatch
170:11 ****ERROR**** Type mismatch
174:5 ****ERROR**** Type mismatch
175:5 ****ERROR**** Type mismatch
177:9 ****ERROR**** Type mismatch
178:9 ****ERROR**** Type mismatch
179:11 ****ERROR**** Type mismatch
181:5 ****ERROR**** Type mismatch
182:5 ****ERROR**** Type mismatch
184:9 ****ERROR**** Type mismatch
185:9 ****ERROR**** Type mismatch
186:11 ****ERROR**** Type mismatch
190:11 ****ERROR**** Non-bool expression in condition of while
191:11 ****ERROR**** Non-bool expression in condition of while
192:11 ****ERROR**** Non-bool expression in condition of while
193:11 ****ERROR**** Non-bool expression in condition of while
194:10 ****ERROR**** Non-bool expression in condition of while
197:8 ****ERROR**** Non-bool expression in condition of if
198:8 ****ERROR**** Non-bool expression in condition of if
199:8 ****ERROR**** Non-bool expression in condition of if
200:8 ****ERROR**** Non-bool expression in condition of if
202:8 ****ERROR**** Non-bool expression in condition of if
203:8 ****ERROR**** Non-bool expression in condition of if
204:8 ****ERROR**** Non-bool expression in condition of if
205:8 ****ERROR**** Non-bool expression in condition of if
212:10 ****ERROR**** Arithmetic operator with non-numeric operand
212:14 ****ERROR**** Arithmetic operator with non-numeric operand
213:10 ****ERROR**** Type mismatch
215:10 ****ERROR**** Equality operator used with functions
218:4 ****ERROR**** Call attempt on non-function
219:4 ****ERROR**** Call attempt on non-function
220:4 ****ERROR**** Call attempt on non-function
221:4 ****ERROR**** Call attempt on non-function
224:13 ****ERROR**** Read attempt of struct variable
225:13 ****ERROR**** Read attempt of struct name
226:13 ****ERROR**** Read attempt of function
227:12 ****ERROR**** Write attempt of struct variable
228:12 ****ERROR**** Write attempt of struct name
229:12 ****ERROR**** Write attempt of function
